<?xml version="1.0" encoding="UTF-8"?>
<!-- Generated by org.testng.reporters.JUnitReportReporter -->
<testsuite hostname="LAPTOP-42LMT81G" failures="0" tests="6" name="SeleniumT$TestCase1" time="28.498" errors="0" timestamp="2021-10-16T16:35:46 IST" skipped="0">
  <testcase classname="SeleniumT$TestCase1" name="ContactFormSubmit" time="2.209"/>
  <system-out/>
  <testcase classname="SeleniumT$TestCase1" name="UpdatePassword" time="4.973"/>
  <system-out/>
  <testcase classname="SeleniumT$TestCase1" name="UpdateEmail" time="6.421"/>
  <system-out/>
  <testcase classname="SeleniumT$TestCase1" name="AdminLogin" time="4.477"/>
  <system-out/>
  <testcase classname="SeleniumT$TestCase1" name="TodayContacts" time="5.889"/>
  <system-out/>
  <testcase classname="SeleniumT$TestCase1" name="AdminLogOut" time="4.529"/>
  <system-out/>
</testsuite> <!-- SeleniumT$TestCase1 -->
