<?xml version="1.0" encoding="UTF-8"?>
<!-- Generated by org.testng.reporters.JUnitReportReporter -->
<testsuite hostname="LAPTOP-42LMT81G" failures="0" tests="12" name="SeleniumT" time="39.770" errors="0" timestamp="2021-10-18T10:16:45 IST" skipped="0">
  <testcase classname="SeleniumT" name="TodayContacts" time="3.120"/>
  <system-out/>
  <testcase classname="SeleniumT" name="UpdatePassword" time="4.016"/>
  <system-out/>
  <testcase classname="SeleniumT" name="AdminLogOut" time="4.081"/>
  <system-out/>
  <testcase classname="SeleniumT" name="WeekContacts" time="3.084"/>
  <system-out/>
  <testcase classname="SeleniumT" name="TotalContacts" time="2.990"/>
  <system-out/>
  <testcase classname="SeleniumT" name="AdminLoginFail" time="2.798"/>
  <system-out/>
  <testcase classname="SeleniumT" name="TotalContactsReply" time="3.789"/>
  <system-out/>
  <testcase classname="SeleniumT" name="WeekContacts1stcontactReply" time="4.107"/>
  <system-out/>
  <testcase classname="SeleniumT" name="ContactFormSubmit" time="2.146"/>
  <system-out/>
  <testcase classname="SeleniumT" name="UpdateEmail" time="3.303"/>
  <system-out/>
  <testcase classname="SeleniumT" name="AdminLogin" time="3.150"/>
  <system-out/>
  <testcase classname="SeleniumT" name="WeekContacts1stcontact" time="3.186"/>
  <system-out/>
</testsuite> <!-- SeleniumT -->
