<?xml version="1.0" encoding="UTF-8"?>
<!-- Generated by org.testng.reporters.JUnitReportReporter -->
<testsuite hostname="LAPTOP-42LMT81G" failures="0" tests="1" name="SeleniumT2" time="5.327" errors="0" timestamp="2021-10-17T12:29:09 IST" skipped="0">
  <testcase classname="SeleniumT2" name="TodayContacts" time="5.327"/>
  <system-out/>
</testsuite> <!-- SeleniumT2 -->
