<?xml version="1.0" encoding="UTF-8"?>
<!-- Generated by org.testng.reporters.JUnitReportReporter -->
<testsuite hostname="LAPTOP-42LMT81G" failures="0" tests="1" name="SeleniumCases.TestCase2" time="5.122" errors="0" timestamp="2021-10-17T18:38:37 IST" skipped="0">
  <testcase classname="SeleniumCases.TestCase2" name="AdminLogin" time="5.122"/>
  <system-out/>
</testsuite> <!-- SeleniumCases.TestCase2 -->
