<?xml version="1.0" encoding="UTF-8"?>
<!-- Generated by org.testng.reporters.JUnitReportReporter -->
<testsuite hostname="LAPTOP-42LMT81G" failures="0" tests="1" name="SeleniumCases.TestCase1" time="6.122" errors="0" timestamp="2021-10-17T18:37:52 IST" skipped="0">
  <testcase classname="SeleniumCases.TestCase1" name="ContactFormSubmit" time="6.122"/>
  <system-out/>
</testsuite> <!-- SeleniumCases.TestCase1 -->
